<?xml version="1.0" encoding="UTF-8"?>
<!-- Generated by org.testng.reporters.JUnitReportReporter -->
<testsuite skipped="0" hostname="Admin-PC" name="com.testcases.TestLoginPage" tests="2" failures="0" timestamp="06 Aug 2019 08:37:55 GMT" time="2.660" errors="0">
  <testcase name="verifyGetTitle" time="0.348" classname="com.testcases.TestLoginPage"/>
  <testcase name="verifyLoginAdmin" time="2.312" classname="com.testcases.TestLoginPage"/>
</testsuite> <!-- com.testcases.TestLoginPage -->
