<?xml version="1.0" encoding="UTF-8"?>
<!-- Generated by org.testng.reporters.JUnitReportReporter -->
<testsuite skipped="0" hostname="Admin-PC" name="com.testcases.TestHomePage" tests="1" failures="0" timestamp="06 Aug 2019 08:37:55 GMT" time="2.600" errors="0">
  <testcase name="verifyLogOff" time="2.600" classname="com.testcases.TestHomePage"/>
</testsuite> <!-- com.testcases.TestHomePage -->
